#
# There is insufficient memory for the Java Runtime Environment to continue.
# Native memory allocation (mmap) failed to map 532676608 bytes for Failed to commit area from 0x0000000604200000 to 0x0000000623e00000 of length 532676608.
# Possible reasons:
#   The system is out of physical RAM or swap space
#   The process is running with CompressedOops enabled, and the Java Heap may be blocking the growth of the native heap
# Possible solutions:
#   Reduce memory load on the system
#   Increase physical memory or swap space
#   Check if swap backing store is full
#   Decrease Java heap size (-Xmx/-Xms)
#   Decrease number of Java threads
#   Decrease Java thread stack sizes (-Xss)
#   Set larger code cache with -XX:ReservedCodeCacheSize=
# This output file may be truncated or incomplete.
#
#  Out of Memory Error (./src/hotspot/os/windows/os_windows.cpp:3386), pid=31728, tid=36772
#
# JRE version:  (11.0.16.1+9) (build )
# Java VM: OpenJDK 64-Bit Server VM (11.0.16.1+9-LTS, mixed mode, sharing, tiered, compressed oops, g1 gc, windows-amd64)
# No core dump will be written. Minidumps are not enabled by default on client versions of Windows
#

---------------  S U M M A R Y ------------

Command Line: -agentlib:jdwp=transport=dt_socket,suspend=y,address=localhost:62089 -javaagent:C:\Appz\eclipse\jee-2022-09\eclipse\configuration\org.eclipse.osgi\421\0\.cp\lib\javaagent-shaded.jar -Dfile.encoding=UTF-8 com.coderscampus.myapp.main.HigherLowerGuessingGame

Host: Intel(R) Core(TM) i7-8750H CPU @ 2.20GHz, 12 cores, 31G,  Windows 11 , 64 bit Build 22621 (10.0.22621.726)
Time: Sun Oct 16 07:11:31 2022 Romance Daylight Time elapsed time: 0.032134 seconds (0d 0h 0m 0s)

---------------  T H R E A D  ---------------

Current thread (0x000001d4454d9800):  JavaThread "Unknown thread" [_thread_in_vm, id=36772, stack(0x000000a35a800000,0x000000a35a900000)]

Stack: [0x000000a35a800000,0x000000a35a900000]
Native frames: (J=compiled Java code, j=interpreted, Vv=VM code, C=native code)
V  [jvm.dll+0x61f23a]
V  [jvm.dll+0x7ac419]
V  [jvm.dll+0x7adb08]
V  [jvm.dll+0x7ae1e3]
V  [jvm.dll+0x24fa98]
V  [jvm.dll+0x61c54a]
V  [jvm.dll+0x610cf5]
V  [jvm.dll+0x3079bc]
V  [jvm.dll+0x307842]
V  [jvm.dll+0x30c556]
V  [jvm.dll+0x352bff]
V  [jvm.dll+0x352630]
V  [jvm.dll+0x2e49b8]
V  [jvm.dll+0x2e5b16]
V  [jvm.dll+0x786267]
V  [jvm.dll+0x7879ef]
V  [jvm.dll+0x35f939]
V  [jvm.dll+0x7691d0]
V  [jvm.dll+0x3cd45f]
V  [jvm.dll+0x3cf7f1]
C  [jli.dll+0x5207]
C  [ucrtbase.dll+0x29363]
C  [KERNEL32.DLL+0x1244d]
C  [ntdll.dll+0x5df78]


---------------  P R O C E S S  ---------------

Threads class SMR info:
_java_thread_list=0x000001d442fda570, length=0, elements={
}

Java Threads: ( => current thread )

Other Threads:
  0x000001d4454f4000 GCTaskThread "GC Thread#0" [stack: 0x000000a35a900000,0x000000a35aa00000] [id=40712]
  0x000001d445575000 ConcurrentGCThread "G1 Main Marker" [stack: 0x000000a35aa00000,0x000000a35ab00000] [id=10884]
  0x000001d445577000 ConcurrentGCThread "G1 Conc#0" [stack: 0x000000a35ab00000,0x000000a35ac00000] [id=32588]

[error occurred during error reporting (printing all threads), id 0xc0000005, EXCEPTION_ACCESS_VIOLATION (0xc0000005) at pc=0x00007ffaa69a4187]

VM state:not at safepoint (not fully initialized)

VM Mutex/Monitor currently owned by a thread:  ([mutex/lock_event])
[0x000001d4454d64d0] Heap_lock - owner thread: 0x000001d4454d9800

Heap address: 0x0000000604200000, size: 8126 MB, Compressed Oops mode: Non-zero based: 0x0000000604200000
Narrow klass base: 0x0000000000000000, Narrow klass shift: 0

GC Heap History (0 events):
No events

Deoptimization events (0 events):
No events

Classes redefined (0 events):
No events

Internal exceptions (0 events):
No events

Events (1 events):
Event: 0.020 Loaded shared library C:\Appz\Amazon Corretto\jdk11.0.16_9\bin\zip.dll


Dynamic libraries:
0x00007ff7aac80000 - 0x00007ff7aac8d000 	C:\Appz\Amazon Corretto\jdk11.0.16_9\bin\javaw.exe
0x00007ffb46f70000 - 0x00007ffb47184000 	C:\WINDOWS\SYSTEM32\ntdll.dll
0x00007ffb45c90000 - 0x00007ffb45d52000 	C:\WINDOWS\System32\KERNEL32.DLL
0x00007ffb44580000 - 0x00007ffb4491c000 	C:\WINDOWS\System32\KERNELBASE.dll
0x00007ffb44c50000 - 0x00007ffb44d61000 	C:\WINDOWS\System32\ucrtbase.dll
0x00007ffb38ed0000 - 0x00007ffb38ee7000 	C:\Appz\Amazon Corretto\jdk11.0.16_9\bin\jli.dll
0x00007ffb44f90000 - 0x00007ffb4513a000 	C:\WINDOWS\System32\USER32.dll
0x00007ffb44550000 - 0x00007ffb44576000 	C:\WINDOWS\System32\win32u.dll
0x00007ffb45140000 - 0x00007ffb45169000 	C:\WINDOWS\System32\GDI32.dll
0x00007ffb449c0000 - 0x00007ffb44ad2000 	C:\WINDOWS\System32\gdi32full.dll
0x00007ffb44920000 - 0x00007ffb449ba000 	C:\WINDOWS\System32\msvcp_win.dll
0x00007ffb38eb0000 - 0x00007ffb38ec9000 	C:\Appz\Amazon Corretto\jdk11.0.16_9\bin\VCRUNTIME140.dll
0x00007ffb2fec0000 - 0x00007ffb3014e000 	C:\WINDOWS\WinSxS\amd64_microsoft.windows.common-controls_6595b64144ccf1df_6.0.22621.436_none_a94247dbc10d8414\COMCTL32.dll
0x00007ffb46b00000 - 0x00007ffb46ba7000 	C:\WINDOWS\System32\msvcrt.dll
0x00007ffb45ab0000 - 0x00007ffb45ae2000 	C:\WINDOWS\System32\IMM32.DLL
0x00007ffb441a0000 - 0x00007ffb4425e000 	C:\Program Files (x86)\0patch\Agent\0PatchLoaderX64.dll
0x00007ffb45190000 - 0x00007ffb4523e000 	C:\WINDOWS\System32\ADVAPI32.dll
0x00007ffb46bb0000 - 0x00007ffb46c54000 	C:\WINDOWS\System32\sechost.dll
0x00007ffb463b0000 - 0x00007ffb464c5000 	C:\WINDOWS\System32\RPCRT4.dll
0x00007ffb440d0000 - 0x00007ffb440da000 	C:\WINDOWS\SYSTEM32\VERSION.dll
0x00007ffb43ea0000 - 0x00007ffb440ce000 	C:\WINDOWS\SYSTEM32\dbghelp.dll
0x00007ffb46720000 - 0x00007ffb46aa9000 	C:\WINDOWS\System32\combase.dll
0x00007ffb45bb0000 - 0x00007ffb45c87000 	C:\WINDOWS\System32\OLEAUT32.dll
0x00007ffb43e60000 - 0x00007ffb43e92000 	C:\WINDOWS\SYSTEM32\dbgcore.DLL
0x00007ffb43e20000 - 0x00007ffb43e54000 	C:\WINDOWS\SYSTEM32\ntmarta.dll
0x00007ffafb060000 - 0x00007ffafb0fb000 	C:\Appz\Amazon Corretto\jdk11.0.16_9\bin\msvcp140.dll
0x00007ffaa66b0000 - 0x00007ffaa7234000 	C:\Appz\Amazon Corretto\jdk11.0.16_9\bin\server\jvm.dll
0x00007ffb46690000 - 0x00007ffb46698000 	C:\WINDOWS\System32\PSAPI.DLL
0x00007ffb20890000 - 0x00007ffb20899000 	C:\WINDOWS\SYSTEM32\WSOCK32.dll
0x00007ffb466a0000 - 0x00007ffb46711000 	C:\WINDOWS\System32\WS2_32.dll
0x00007ffb3e3e0000 - 0x00007ffb3e414000 	C:\WINDOWS\SYSTEM32\WINMM.dll
0x00007ffb43090000 - 0x00007ffb430a8000 	C:\WINDOWS\SYSTEM32\kernel.appcore.dll
0x00007ffb3be10000 - 0x00007ffb3be20000 	C:\Appz\Amazon Corretto\jdk11.0.16_9\bin\verify.dll
0x00007ffb443a0000 - 0x00007ffb4441b000 	C:\WINDOWS\System32\bcryptPrimitives.dll
0x00007ffb26b30000 - 0x00007ffb26b58000 	C:\Appz\Amazon Corretto\jdk11.0.16_9\bin\java.dll
0x00007ffb307a0000 - 0x00007ffb307aa000 	C:\Appz\Amazon Corretto\jdk11.0.16_9\bin\jimage.dll
0x00007ffb21f20000 - 0x00007ffb21f58000 	C:\Appz\Amazon Corretto\jdk11.0.16_9\bin\jdwp.dll
0x00007ffb29510000 - 0x00007ffb2951e000 	C:\Appz\Amazon Corretto\jdk11.0.16_9\bin\instrument.dll
0x00007ffb25f50000 - 0x00007ffb25f68000 	C:\Appz\Amazon Corretto\jdk11.0.16_9\bin\zip.dll

dbghelp: loaded successfully - version: 4.0.5 - missing functions: none
symbol engine: initialized successfully - sym options: 0x614 - pdb path: .;C:\Appz\Amazon Corretto\jdk11.0.16_9\bin;C:\WINDOWS\SYSTEM32;C:\WINDOWS\WinSxS\amd64_microsoft.windows.common-controls_6595b64144ccf1df_6.0.22621.436_none_a94247dbc10d8414;C:\Program Files (x86)\0patch\Agent;C:\Appz\Amazon Corretto\jdk11.0.16_9\bin\server

VM Arguments:
jvm_args: -agentlib:jdwp=transport=dt_socket,suspend=y,address=localhost:62089 -javaagent:C:\Appz\eclipse\jee-2022-09\eclipse\configuration\org.eclipse.osgi\421\0\.cp\lib\javaagent-shaded.jar -Dfile.encoding=UTF-8 
java_command: com.coderscampus.myapp.main.HigherLowerGuessingGame
java_class_path (initial): C:\Dropbox\PersonalWiki\1. Projects\CodersCampus Java Mastery\james-Assignment-2-Higher-Lower-Guessing-Game\bin;C:\Users\james\.p2\pool\plugins\junit-jupiter-api_5.9.0.jar;C:\Users\james\.p2\pool\plugins\junit-jupiter-engine_5.9.0.jar;C:\Users\james\.p2\pool\plugins\junit-jupiter-migrationsupport_5.9.0.jar;C:\Users\james\.p2\pool\plugins\junit-jupiter-params_5.9.0.jar;C:\Users\james\.p2\pool\plugins\junit-platform-commons_1.9.0.jar;C:\Users\james\.p2\pool\plugins\junit-platform-engine_1.9.0.jar;C:\Users\james\.p2\pool\plugins\junit-platform-launcher_1.9.0.jar;C:\Users\james\.p2\pool\plugins\junit-platform-runner_1.9.0.jar;C:\Users\james\.p2\pool\plugins\junit-platform-suite-api_1.9.0.jar;C:\Users\james\.p2\pool\plugins\junit-platform-suite-engine_1.9.0.jar;C:\Users\james\.p2\pool\plugins\junit-platform-suite-commons_1.9.0.jar;C:\Users\james\.p2\pool\plugins\junit-vintage-engine_5.9.0.jar;C:\Users\james\.p2\pool\plugins\org.opentest4j_1.2.0.jar;C:\Users\james\.p2\pool\plugins\org.apiguardian.api_1.1.2.jar;C:\Users\james\.p2\pool\plugins\org.junit_4.13.2.v20211018-1956.jar;C:\Users\james\.p2\pool\plugins\org.hamcrest.core_1.3.0.v20180420-1519.jar
Launcher Type: SUN_STANDARD

[Global flags]
     intx CICompilerCount                          = 4                                         {product} {ergonomic}
     uint ConcGCThreads                            = 3                                         {product} {ergonomic}
     uint G1ConcRefinementThreads                  = 10                                        {product} {ergonomic}
   size_t G1HeapRegionSize                         = 2097152                                   {product} {ergonomic}
    uintx GCDrainStackTargetSize                   = 64                                        {product} {ergonomic}
   size_t InitialHeapSize                          = 532676608                                 {product} {ergonomic}
   size_t MarkStackSize                            = 4194304                                   {product} {ergonomic}
   size_t MaxHeapSize                              = 8520728576                                {product} {ergonomic}
   size_t MinHeapDeltaBytes                        = 2097152                                   {product} {ergonomic}
    uintx NonNMethodCodeHeapSize                   = 5836300                                {pd product} {ergonomic}
    uintx NonProfiledCodeHeapSize                  = 122910970                              {pd product} {ergonomic}
    uintx ProfiledCodeHeapSize                     = 122910970                              {pd product} {ergonomic}
    uintx ReservedCodeCacheSize                    = 251658240                              {pd product} {ergonomic}
     bool SegmentedCodeCache                       = true                                      {product} {ergonomic}
     bool UseCompressedClassPointers               = true                                 {lp64_product} {ergonomic}
     bool UseCompressedOops                        = true                                 {lp64_product} {ergonomic}
     bool UseG1GC                                  = true                                      {product} {ergonomic}
     bool UseLargePagesIndividualAllocation        = false                                  {pd product} {ergonomic}

Logging:
Log output configuration:
 #0: stdout all=warning uptime,level,tags
 #1: stderr all=off uptime,level,tags

Environment Variables:
JAVA_HOME=C:\Appz\Amazon Corretto\jdk11.0.16_9
PATH=C:/Users/james/.p2/pool/plugins/org.eclipse.justj.openjdk.hotspot.jre.full.win32.x86_64_18.0.2.v20220903-1139/jre/bin/server;C:/Users/james/.p2/pool/plugins/org.eclipse.justj.openjdk.hotspot.jre.full.win32.x86_64_18.0.2.v20220903-1139/jre/bin;C:\Appz\VMware\VMware Player\bin\;C:\Appz\Amazon Corretto\jdk11.0.16_9\bin;C:\Program Files\Common Files\Oracle\Java\javapath;C:\Program Files\Eclipse Foundation\jdk-8.0.302.8-hotspot\bin;C:\Program Files (x86)\Common Files\Oracle\Java\javapath;C:\Windows\system32;C:\Windows;C:\Windows\System32\Wbem;C:\Windows\System32\WindowsPowerShell\v1.0\;C:\Windows\System32\OpenSSH\;C:\Program Files (x86)\NVIDIA Corporation\PhysX\Common;C:\WINDOWS\system32;C:\WINDOWS;C:\WINDOWS\System32\Wbem;C:\WINDOWS\System32\WindowsPowerShell\v1.0\;C:\WINDOWS\System32\OpenSSH\;C:\Program Files (x86)\QuickTime\QTSystem\;C:\Appz\UltraEdit;C:\Program Files\IDM Computer Solutions\UltraCompare;C:\Program Files\dotnet\;C:\Program Files\Microsoft SQL Server\130\Tools\Binn\;C:\Program Files\Microsoft SQL Server\Client SDK\ODBC\170\Tools\Binn\;C:\WINDOWS\system32;C:\WINDOWS;C:\WINDOWS\System32\Wbem;C:\WINDOWS\System32\WindowsPowerShell\v1.0\;C:\WINDOWS\System32\OpenSSH\;C:\metasploit-framework\bin\;C:\Program Files\Git\cmd;C:\Users\james\AppData\Local\Microsoft\WindowsApps;C:\Users\james\AppData\Local\GitHubDesktop\bin;C:\Users\james\.dotnet\tools;;C:\Dropbox\Appz\IntelliJ IDEA Community Edition 2022.2\bin;;C:\WINDOWS\System32;
USERNAME=james
OS=Windows_NT
PROCESSOR_IDENTIFIER=Intel64 Family 6 Model 158 Stepping 10, GenuineIntel
TMP=C:\Users\james\AppData\Local\Temp
TEMP=C:\Users\james\AppData\Local\Temp



---------------  S Y S T E M  ---------------

OS: Windows 11 , 64 bit Build 22621 (10.0.22621.726)
OS uptime: 12 days 9:38 hours

CPU:total 12 (initial active 12) (6 cores per cpu, 2 threads per core) family 6 model 158 stepping 10 microcode 0xf0, cmov, cx8, fxsr, mmx, sse, sse2, sse3, ssse3, sse4.1, sse4.2, popcnt, avx, avx2, aes, clmul, erms, 3dnowpref, lzcnt, ht, tsc, tscinvbit, bmi1, bmi2, adx, fma

Memory: 4k page, system-wide physical 32498M (13514M free)
TotalPageFile size 56597M (AvailPageFile size 463M)
current process WorkingSet (physical memory assigned to process): 12M, peak: 12M
current process commit charge ("private bytes"): 65M, peak: 573M

vm_info: OpenJDK 64-Bit Server VM (11.0.16.1+9-LTS) for windows-amd64 JRE (11.0.16.1+9-LTS), built on Aug 12 2022 20:01:58 by "Administrator" with MS VC++ 15.9 (VS2017)

END.
